[ 2017-04-06T19:53:29+08:00 ] ::1 /MIFOOD2/index.php/Home/Index/classify
INFO: [ app_init ] --START--
INFO: Run Behavior\BuildLiteBehavior [ RunTime:0.000116s ]
INFO: [ app_init ] --END-- [ RunTime:0.003016s ]

[ 2017-04-06T19:53:31+08:00 ] ::1 /MIFOOD2/index.php/Home/Index/page1/p/1.html
INFO: [ app_init ] --START--
INFO: Run Behavior\BuildLiteBehavior [ RunTime:0.000106s ]
INFO: [ app_init ] --END-- [ RunTime:0.002106s ]
INFO: [ app_begin ] --START--
INFO: Run Behavior\ReadHtmlCacheBehavior [ RunTime:0.002671s ]
INFO: [ app_begin ] --END-- [ RunTime:0.003152s ]
SQL: SHOW COLUMNS FROM `shop` [ RunTime:0.003467s ]
SQL: SHOW COLUMNS FROM `category` [ RunTime:0.002237s ]
SQL: SELECT * FROM `category` WHERE `state` = 0  [ RunTime:0.001315s ]
NOTIC: [8] Undefined index: category_id F:\Wamp\Wamp_3.0.6\installtion\wamp64\www\MIFOOD2\Application\Home\Controller\IndexController.class.php 第 43 行.
SQL: SHOW COLUMNS FROM `shop` [ RunTime:0.002131s ]
SQL: SELECT COUNT(*) AS tp_count FROM `shop` WHERE `category_id` = null AND `state` = 0 LIMIT 1   [ RunTime:0.001216s ]
SQL: SELECT * FROM `shop` WHERE `category_id` = null AND `state` = 0 ORDER BY shop_id desc LIMIT 0,12   [ RunTime:0.001215s ]
INFO: [ view_parse ] --START--
INFO: [ template_filter ] --START--
INFO: Run Behavior\ContentReplaceBehavior [ RunTime:0.000802s ]
INFO: [ template_filter ] --END-- [ RunTime:0.001300s ]
NOTIC: [8] Undefined index: user F:\Wamp\Wamp_3.0.6\installtion\wamp64\www\MIFOOD2\Application\Runtime\Cache\Home\bd1736db69e2bb255cc6ce738036bdfd.php 第 52 行.
INFO: Run Behavior\ParseTemplateBehavior [ RunTime:0.058018s ]
INFO: [ view_parse ] --END-- [ RunTime:0.058491s ]
INFO: [ view_filter ] --START--
INFO: Run Behavior\WriteHtmlCacheBehavior [ RunTime:0.003737s ]
INFO: [ view_filter ] --END-- [ RunTime:0.004517s ]
INFO: [ app_end ] --START--
INFO: Run Behavior\ShowPageTraceBehavior [ RunTime:0.003593s ]
INFO: [ app_end ] --END-- [ RunTime:0.004418s ]

[ 2017-04-06T19:53:32+08:00 ] ::1 /MIFOOD2/index.php/Home/Index/page1/p/1.html
INFO: [ app_init ] --START--
INFO: Run Behavior\BuildLiteBehavior [ RunTime:0.000113s ]
INFO: [ app_init ] --END-- [ RunTime:0.020141s ]
INFO: [ app_begin ] --START--
INFO: Run Behavior\ReadHtmlCacheBehavior [ RunTime:0.011586s ]
INFO: [ app_begin ] --END-- [ RunTime:0.012085s ]
SQL: SHOW COLUMNS FROM `shop` [ RunTime:0.004672s ]
SQL: SHOW COLUMNS FROM `category` [ RunTime:0.002134s ]
SQL: SELECT * FROM `category` WHERE `state` = 0  [ RunTime:0.001156s ]
NOTIC: [8] Undefined index: category_id F:\Wamp\Wamp_3.0.6\installtion\wamp64\www\MIFOOD2\Application\Home\Controller\IndexController.class.php 第 43 行.
SQL: SHOW COLUMNS FROM `shop` [ RunTime:0.002049s ]
SQL: SELECT COUNT(*) AS tp_count FROM `shop` WHERE `category_id` = null AND `state` = 0 LIMIT 1   [ RunTime:0.001945s ]
SQL: SELECT * FROM `shop` WHERE `category_id` = null AND `state` = 0 ORDER BY shop_id desc LIMIT 0,12   [ RunTime:0.001144s ]
INFO: [ view_parse ] --START--
INFO: [ template_filter ] --START--
INFO: Run Behavior\ContentReplaceBehavior [ RunTime:0.000722s ]
INFO: [ template_filter ] --END-- [ RunTime:0.001155s ]
NOTIC: [8] Undefined index: user F:\Wamp\Wamp_3.0.6\installtion\wamp64\www\MIFOOD2\Application\Runtime\Cache\Home\bd1736db69e2bb255cc6ce738036bdfd.php 第 52 行.
INFO: Run Behavior\ParseTemplateBehavior [ RunTime:0.054617s ]
INFO: [ view_parse ] --END-- [ RunTime:0.055062s ]
INFO: [ view_filter ] --START--
INFO: Run Behavior\WriteHtmlCacheBehavior [ RunTime:0.001862s ]
INFO: [ view_filter ] --END-- [ RunTime:0.002280s ]
INFO: [ app_end ] --START--
INFO: Run Behavior\ShowPageTraceBehavior [ RunTime:0.002558s ]
INFO: [ app_end ] --END-- [ RunTime:0.003180s ]

[ 2017-04-06T19:53:33+08:00 ] ::1 /MIFOOD2/index.php/Home/Index/page1/p/1.html
INFO: [ app_init ] --START--
INFO: Run Behavior\BuildLiteBehavior [ RunTime:0.000151s ]
INFO: [ app_init ] --END-- [ RunTime:0.004261s ]
INFO: [ app_begin ] --START--
INFO: Run Behavior\ReadHtmlCacheBehavior [ RunTime:0.004273s ]
INFO: [ app_begin ] --END-- [ RunTime:0.005139s ]
SQL: SHOW COLUMNS FROM `shop` [ RunTime:0.003675s ]
SQL: SHOW COLUMNS FROM `category` [ RunTime:0.002661s ]
SQL: SELECT * FROM `category` WHERE `state` = 0  [ RunTime:0.001396s ]
NOTIC: [8] Undefined index: category_id F:\Wamp\Wamp_3.0.6\installtion\wamp64\www\MIFOOD2\Application\Home\Controller\IndexController.class.php 第 43 行.
SQL: SHOW COLUMNS FROM `shop` [ RunTime:0.002053s ]
SQL: SELECT COUNT(*) AS tp_count FROM `shop` WHERE `category_id` = null AND `state` = 0 LIMIT 1   [ RunTime:0.001748s ]
SQL: SELECT * FROM `shop` WHERE `category_id` = null AND `state` = 0 ORDER BY shop_id desc LIMIT 0,12   [ RunTime:0.001425s ]
INFO: [ view_parse ] --START--
INFO: [ template_filter ] --START--
INFO: Run Behavior\ContentReplaceBehavior [ RunTime:0.000735s ]
INFO: [ template_filter ] --END-- [ RunTime:0.001176s ]
NOTIC: [8] Undefined index: user F:\Wamp\Wamp_3.0.6\installtion\wamp64\www\MIFOOD2\Application\Runtime\Cache\Home\bd1736db69e2bb255cc6ce738036bdfd.php 第 52 行.
INFO: Run Behavior\ParseTemplateBehavior [ RunTime:0.064051s ]
INFO: [ view_parse ] --END-- [ RunTime:0.064544s ]
INFO: [ view_filter ] --START--
INFO: Run Behavior\WriteHtmlCacheBehavior [ RunTime:0.002413s ]
INFO: [ view_filter ] --END-- [ RunTime:0.003355s ]
INFO: [ app_end ] --START--
INFO: Run Behavior\ShowPageTraceBehavior [ RunTime:0.004758s ]
INFO: [ app_end ] --END-- [ RunTime:0.006083s ]

[ 2017-04-06T19:53:34+08:00 ] ::1 /MIFOOD2/index.php/Home/Index/page1/p/1.html
INFO: [ app_init ] --START--
INFO: Run Behavior\BuildLiteBehavior [ RunTime:0.000149s ]
INFO: [ app_init ] --END-- [ RunTime:0.004517s ]
INFO: [ app_begin ] --START--
INFO: Run Behavior\ReadHtmlCacheBehavior [ RunTime:0.003051s ]
INFO: [ app_begin ] --END-- [ RunTime:0.003657s ]
SQL: SHOW COLUMNS FROM `shop` [ RunTime:0.002276s ]
SQL: SHOW COLUMNS FROM `category` [ RunTime:0.001867s ]
SQL: SELECT * FROM `category` WHERE `state` = 0  [ RunTime:0.001588s ]
NOTIC: [8] Undefined index: category_id F:\Wamp\Wamp_3.0.6\installtion\wamp64\www\MIFOOD2\Application\Home\Controller\IndexController.class.php 第 43 行.
SQL: SHOW COLUMNS FROM `shop` [ RunTime:0.002383s ]
SQL: SELECT COUNT(*) AS tp_count FROM `shop` WHERE `category_id` = null AND `state` = 0 LIMIT 1   [ RunTime:0.000996s ]
SQL: SELECT * FROM `shop` WHERE `category_id` = null AND `state` = 0 ORDER BY shop_id desc LIMIT 0,12   [ RunTime:0.001200s ]
INFO: [ view_parse ] --START--
INFO: [ template_filter ] --START--
INFO: Run Behavior\ContentReplaceBehavior [ RunTime:0.000816s ]
INFO: [ template_filter ] --END-- [ RunTime:0.001368s ]
NOTIC: [8] Undefined index: user F:\Wamp\Wamp_3.0.6\installtion\wamp64\www\MIFOOD2\Application\Runtime\Cache\Home\bd1736db69e2bb255cc6ce738036bdfd.php 第 52 行.
INFO: Run Behavior\ParseTemplateBehavior [ RunTime:0.056262s ]
INFO: [ view_parse ] --END-- [ RunTime:0.056757s ]
INFO: [ view_filter ] --START--
INFO: Run Behavior\WriteHtmlCacheBehavior [ RunTime:0.002242s ]
INFO: [ view_filter ] --END-- [ RunTime:0.002671s ]
INFO: [ app_end ] --START--
INFO: Run Behavior\ShowPageTraceBehavior [ RunTime:0.004514s ]
INFO: [ app_end ] --END-- [ RunTime:0.005080s ]

[ 2017-04-06T19:53:34+08:00 ] ::1 /MIFOOD2/index.php/Home/Index/page1/p/1.html
INFO: [ app_init ] --START--
INFO: Run Behavior\BuildLiteBehavior [ RunTime:0.000206s ]
INFO: [ app_init ] --END-- [ RunTime:0.003601s ]
INFO: [ app_begin ] --START--
INFO: Run Behavior\ReadHtmlCacheBehavior [ RunTime:0.004255s ]
INFO: [ app_begin ] --END-- [ RunTime:0.004999s ]
SQL: SHOW COLUMNS FROM `shop` [ RunTime:0.003861s ]
SQL: SHOW COLUMNS FROM `category` [ RunTime:0.002867s ]
SQL: SELECT * FROM `category` WHERE `state` = 0  [ RunTime:0.001241s ]
NOTIC: [8] Undefined index: category_id F:\Wamp\Wamp_3.0.6\installtion\wamp64\www\MIFOOD2\Application\Home\Controller\IndexController.class.php 第 43 行.
SQL: SHOW COLUMNS FROM `shop` [ RunTime:0.002568s ]
SQL: SELECT COUNT(*) AS tp_count FROM `shop` WHERE `category_id` = null AND `state` = 0 LIMIT 1   [ RunTime:0.001254s ]
SQL: SELECT * FROM `shop` WHERE `category_id` = null AND `state` = 0 ORDER BY shop_id desc LIMIT 0,12   [ RunTime:0.001300s ]
INFO: [ view_parse ] --START--
INFO: [ template_filter ] --START--
INFO: Run Behavior\ContentReplaceBehavior [ RunTime:0.000786s ]
INFO: [ template_filter ] --END-- [ RunTime:0.001242s ]
NOTIC: [8] Undefined index: user F:\Wamp\Wamp_3.0.6\installtion\wamp64\www\MIFOOD2\Application\Runtime\Cache\Home\bd1736db69e2bb255cc6ce738036bdfd.php 第 52 行.
INFO: Run Behavior\ParseTemplateBehavior [ RunTime:0.060673s ]
INFO: [ view_parse ] --END-- [ RunTime:0.061144s ]
INFO: [ view_filter ] --START--
INFO: Run Behavior\WriteHtmlCacheBehavior [ RunTime:0.002139s ]
INFO: [ view_filter ] --END-- [ RunTime:0.002593s ]
INFO: [ app_end ] --START--
INFO: Run Behavior\ShowPageTraceBehavior [ RunTime:0.003771s ]
INFO: [ app_end ] --END-- [ RunTime:0.004342s ]

[ 2017-04-06T19:53:35+08:00 ] ::1 /MIFOOD2/index.php/Home/Index/page1/p/1.html
INFO: [ app_init ] --START--
INFO: Run Behavior\BuildLiteBehavior [ RunTime:0.000670s ]
INFO: [ app_init ] --END-- [ RunTime:0.007146s ]
INFO: [ app_begin ] --START--
INFO: Run Behavior\ReadHtmlCacheBehavior [ RunTime:0.004527s ]
INFO: [ app_begin ] --END-- [ RunTime:0.005433s ]
SQL: SHOW COLUMNS FROM `shop` [ RunTime:0.002494s ]
SQL: SHOW COLUMNS FROM `category` [ RunTime:0.002347s ]
SQL: SELECT * FROM `category` WHERE `state` = 0  [ RunTime:0.001397s ]
NOTIC: [8] Undefined index: category_id F:\Wamp\Wamp_3.0.6\installtion\wamp64\www\MIFOOD2\Application\Home\Controller\IndexController.class.php 第 43 行.
SQL: SHOW COLUMNS FROM `shop` [ RunTime:0.002084s ]
SQL: SELECT COUNT(*) AS tp_count FROM `shop` WHERE `category_id` = null AND `state` = 0 LIMIT 1   [ RunTime:0.001107s ]
SQL: SELECT * FROM `shop` WHERE `category_id` = null AND `state` = 0 ORDER BY shop_id desc LIMIT 0,12   [ RunTime:0.001478s ]
INFO: [ view_parse ] --START--
INFO: [ template_filter ] --START--
INFO: Run Behavior\ContentReplaceBehavior [ RunTime:0.000721s ]
INFO: [ template_filter ] --END-- [ RunTime:0.001157s ]
NOTIC: [8] Undefined index: user F:\Wamp\Wamp_3.0.6\installtion\wamp64\www\MIFOOD2\Application\Runtime\Cache\Home\bd1736db69e2bb255cc6ce738036bdfd.php 第 52 行.
INFO: Run Behavior\ParseTemplateBehavior [ RunTime:0.061050s ]
INFO: [ view_parse ] --END-- [ RunTime:0.061598s ]
INFO: [ view_filter ] --START--
INFO: Run Behavior\WriteHtmlCacheBehavior [ RunTime:0.002069s ]
INFO: [ view_filter ] --END-- [ RunTime:0.002516s ]
INFO: [ app_end ] --START--
INFO: Run Behavior\ShowPageTraceBehavior [ RunTime:0.002625s ]
INFO: [ app_end ] --END-- [ RunTime:0.003127s ]

[ 2017-04-06T19:53:35+08:00 ] ::1 /MIFOOD2/index.php/Home/Index/page1/p/1.html
INFO: [ app_init ] --START--
INFO: Run Behavior\BuildLiteBehavior [ RunTime:0.000114s ]
INFO: [ app_init ] --END-- [ RunTime:0.002191s ]
INFO: [ app_begin ] --START--
INFO: Run Behavior\ReadHtmlCacheBehavior [ RunTime:0.002298s ]
INFO: [ app_begin ] --END-- [ RunTime:0.002743s ]
SQL: SHOW COLUMNS FROM `shop` [ RunTime:0.002290s ]
SQL: SHOW COLUMNS FROM `category` [ RunTime:0.001825s ]
SQL: SELECT * FROM `category` WHERE `state` = 0  [ RunTime:0.001378s ]
NOTIC: [8] Undefined index: category_id F:\Wamp\Wamp_3.0.6\installtion\wamp64\www\MIFOOD2\Application\Home\Controller\IndexController.class.php 第 43 行.
SQL: SHOW COLUMNS FROM `shop` [ RunTime:0.002073s ]
SQL: SELECT COUNT(*) AS tp_count FROM `shop` WHERE `category_id` = null AND `state` = 0 LIMIT 1   [ RunTime:0.000731s ]
SQL: SELECT * FROM `shop` WHERE `category_id` = null AND `state` = 0 ORDER BY shop_id desc LIMIT 0,12   [ RunTime:0.001316s ]
INFO: [ view_parse ] --START--
INFO: [ template_filter ] --START--
INFO: Run Behavior\ContentReplaceBehavior [ RunTime:0.000725s ]
INFO: [ template_filter ] --END-- [ RunTime:0.001162s ]
NOTIC: [8] Undefined index: user F:\Wamp\Wamp_3.0.6\installtion\wamp64\www\MIFOOD2\Application\Runtime\Cache\Home\bd1736db69e2bb255cc6ce738036bdfd.php 第 52 行.
INFO: Run Behavior\ParseTemplateBehavior [ RunTime:0.053058s ]
INFO: [ view_parse ] --END-- [ RunTime:0.053489s ]
INFO: [ view_filter ] --START--
INFO: Run Behavior\WriteHtmlCacheBehavior [ RunTime:0.001790s ]
INFO: [ view_filter ] --END-- [ RunTime:0.002193s ]
INFO: [ app_end ] --START--
INFO: Run Behavior\ShowPageTraceBehavior [ RunTime:0.002449s ]
INFO: [ app_end ] --END-- [ RunTime:0.002977s ]

[ 2017-04-06T19:53:36+08:00 ] ::1 /MIFOOD2/index.php/Home/Index/page1/p/1.html
INFO: [ app_init ] --START--
INFO: Run Behavior\BuildLiteBehavior [ RunTime:0.000114s ]
INFO: [ app_init ] --END-- [ RunTime:0.002003s ]
INFO: [ app_begin ] --START--
INFO: Run Behavior\ReadHtmlCacheBehavior [ RunTime:0.002693s ]
INFO: [ app_begin ] --END-- [ RunTime:0.003255s ]
SQL: SHOW COLUMNS FROM `shop` [ RunTime:0.001965s ]
SQL: SHOW COLUMNS FROM `category` [ RunTime:0.002171s ]
SQL: SELECT * FROM `category` WHERE `state` = 0  [ RunTime:0.001060s ]
NOTIC: [8] Undefined index: category_id F:\Wamp\Wamp_3.0.6\installtion\wamp64\www\MIFOOD2\Application\Home\Controller\IndexController.class.php 第 43 行.
SQL: SHOW COLUMNS FROM `shop` [ RunTime:0.001793s ]
SQL: SELECT COUNT(*) AS tp_count FROM `shop` WHERE `category_id` = null AND `state` = 0 LIMIT 1   [ RunTime:0.000828s ]
SQL: SELECT * FROM `shop` WHERE `category_id` = null AND `state` = 0 ORDER BY shop_id desc LIMIT 0,12   [ RunTime:0.001131s ]
INFO: [ view_parse ] --START--
INFO: [ template_filter ] --START--
INFO: Run Behavior\ContentReplaceBehavior [ RunTime:0.000723s ]
INFO: [ template_filter ] --END-- [ RunTime:0.001159s ]
NOTIC: [8] Undefined index: user F:\Wamp\Wamp_3.0.6\installtion\wamp64\www\MIFOOD2\Application\Runtime\Cache\Home\bd1736db69e2bb255cc6ce738036bdfd.php 第 52 行.
INFO: Run Behavior\ParseTemplateBehavior [ RunTime:0.052659s ]
INFO: [ view_parse ] --END-- [ RunTime:0.053085s ]
INFO: [ view_filter ] --START--
INFO: Run Behavior\WriteHtmlCacheBehavior [ RunTime:0.001843s ]
INFO: [ view_filter ] --END-- [ RunTime:0.002244s ]
INFO: [ app_end ] --START--
INFO: Run Behavior\ShowPageTraceBehavior [ RunTime:0.002473s ]
INFO: [ app_end ] --END-- [ RunTime:0.003012s ]

[ 2017-04-06T19:53:36+08:00 ] ::1 /MIFOOD2/index.php/Home/Index/page1/p/1.html
INFO: [ app_init ] --START--
INFO: Run Behavior\BuildLiteBehavior [ RunTime:0.000140s ]
INFO: [ app_init ] --END-- [ RunTime:0.003032s ]
INFO: [ app_begin ] --START--
INFO: Run Behavior\ReadHtmlCacheBehavior [ RunTime:0.002581s ]
INFO: [ app_begin ] --END-- [ RunTime:0.003087s ]
SQL: SHOW COLUMNS FROM `shop` [ RunTime:0.002449s ]
SQL: SHOW COLUMNS FROM `category` [ RunTime:0.001877s ]
SQL: SELECT * FROM `category` WHERE `state` = 0  [ RunTime:0.001116s ]
NOTIC: [8] Undefined index: category_id F:\Wamp\Wamp_3.0.6\installtion\wamp64\www\MIFOOD2\Application\Home\Controller\IndexController.class.php 第 43 行.
SQL: SHOW COLUMNS FROM `shop` [ RunTime:0.001886s ]
SQL: SELECT COUNT(*) AS tp_count FROM `shop` WHERE `category_id` = null AND `state` = 0 LIMIT 1   [ RunTime:0.001337s ]
SQL: SELECT * FROM `shop` WHERE `category_id` = null AND `state` = 0 ORDER BY shop_id desc LIMIT 0,12   [ RunTime:0.001702s ]
INFO: [ view_parse ] --START--
INFO: [ template_filter ] --START--
INFO: Run Behavior\ContentReplaceBehavior [ RunTime:0.000723s ]
INFO: [ template_filter ] --END-- [ RunTime:0.001160s ]
NOTIC: [8] Undefined index: user F:\Wamp\Wamp_3.0.6\installtion\wamp64\www\MIFOOD2\Application\Runtime\Cache\Home\bd1736db69e2bb255cc6ce738036bdfd.php 第 52 行.
INFO: Run Behavior\ParseTemplateBehavior [ RunTime:0.060832s ]
INFO: [ view_parse ] --END-- [ RunTime:0.061412s ]
INFO: [ view_filter ] --START--
INFO: Run Behavior\WriteHtmlCacheBehavior [ RunTime:0.002057s ]
INFO: [ view_filter ] --END-- [ RunTime:0.002508s ]
INFO: [ app_end ] --START--
INFO: Run Behavior\ShowPageTraceBehavior [ RunTime:0.003324s ]
INFO: [ app_end ] --END-- [ RunTime:0.003864s ]

[ 2017-04-06T19:53:37+08:00 ] ::1 /MIFOOD2/index.php/Home/Index/page1/p/1.html
INFO: [ app_init ] --START--
INFO: Run Behavior\BuildLiteBehavior [ RunTime:0.000111s ]
INFO: [ app_init ] --END-- [ RunTime:0.001893s ]
INFO: [ app_begin ] --START--
INFO: Run Behavior\ReadHtmlCacheBehavior [ RunTime:0.002119s ]
INFO: [ app_begin ] --END-- [ RunTime:0.002556s ]
SQL: SHOW COLUMNS FROM `shop` [ RunTime:0.002395s ]
SQL: SHOW COLUMNS FROM `category` [ RunTime:0.001616s ]
SQL: SELECT * FROM `category` WHERE `state` = 0  [ RunTime:0.001007s ]
NOTIC: [8] Undefined index: category_id F:\Wamp\Wamp_3.0.6\installtion\wamp64\www\MIFOOD2\Application\Home\Controller\IndexController.class.php 第 43 行.
SQL: SHOW COLUMNS FROM `shop` [ RunTime:0.001924s ]
SQL: SELECT COUNT(*) AS tp_count FROM `shop` WHERE `category_id` = null AND `state` = 0 LIMIT 1   [ RunTime:0.001101s ]
SQL: SELECT * FROM `shop` WHERE `category_id` = null AND `state` = 0 ORDER BY shop_id desc LIMIT 0,12   [ RunTime:0.001053s ]
INFO: [ view_parse ] --START--
INFO: [ template_filter ] --START--
INFO: Run Behavior\ContentReplaceBehavior [ RunTime:0.000733s ]
INFO: [ template_filter ] --END-- [ RunTime:0.001171s ]
NOTIC: [8] Undefined index: user F:\Wamp\Wamp_3.0.6\installtion\wamp64\www\MIFOOD2\Application\Runtime\Cache\Home\bd1736db69e2bb255cc6ce738036bdfd.php 第 52 行.
INFO: Run Behavior\ParseTemplateBehavior [ RunTime:0.054148s ]
INFO: [ view_parse ] --END-- [ RunTime:0.054604s ]
INFO: [ view_filter ] --START--
INFO: Run Behavior\WriteHtmlCacheBehavior [ RunTime:0.001990s ]
INFO: [ view_filter ] --END-- [ RunTime:0.002399s ]
INFO: [ app_end ] --START--
INFO: Run Behavior\ShowPageTraceBehavior [ RunTime:0.003842s ]
INFO: [ app_end ] --END-- [ RunTime:0.004396s ]

[ 2017-04-06T19:53:37+08:00 ] ::1 /MIFOOD2/index.php/Home/Index/page1/p/1.html
INFO: [ app_init ] --START--
INFO: Run Behavior\BuildLiteBehavior [ RunTime:0.000326s ]
INFO: [ app_init ] --END-- [ RunTime:0.002478s ]
INFO: [ app_begin ] --START--
INFO: Run Behavior\ReadHtmlCacheBehavior [ RunTime:0.002240s ]
INFO: [ app_begin ] --END-- [ RunTime:0.002684s ]
SQL: SHOW COLUMNS FROM `shop` [ RunTime:0.003283s ]
SQL: SHOW COLUMNS FROM `category` [ RunTime:0.002554s ]
SQL: SELECT * FROM `category` WHERE `state` = 0  [ RunTime:0.001883s ]
NOTIC: [8] Undefined index: category_id F:\Wamp\Wamp_3.0.6\installtion\wamp64\www\MIFOOD2\Application\Home\Controller\IndexController.class.php 第 43 行.
SQL: SHOW COLUMNS FROM `shop` [ RunTime:0.002995s ]
SQL: SELECT COUNT(*) AS tp_count FROM `shop` WHERE `category_id` = null AND `state` = 0 LIMIT 1   [ RunTime:0.001072s ]
SQL: SELECT * FROM `shop` WHERE `category_id` = null AND `state` = 0 ORDER BY shop_id desc LIMIT 0,12   [ RunTime:0.001670s ]
INFO: [ view_parse ] --START--
INFO: [ template_filter ] --START--
INFO: Run Behavior\ContentReplaceBehavior [ RunTime:0.000796s ]
INFO: [ template_filter ] --END-- [ RunTime:0.001230s ]
NOTIC: [8] Undefined index: user F:\Wamp\Wamp_3.0.6\installtion\wamp64\www\MIFOOD2\Application\Runtime\Cache\Home\bd1736db69e2bb255cc6ce738036bdfd.php 第 52 行.
INFO: Run Behavior\ParseTemplateBehavior [ RunTime:0.062690s ]
INFO: [ view_parse ] --END-- [ RunTime:0.063256s ]
INFO: [ view_filter ] --START--
INFO: Run Behavior\WriteHtmlCacheBehavior [ RunTime:0.001726s ]
INFO: [ view_filter ] --END-- [ RunTime:0.002125s ]
INFO: [ app_end ] --START--
INFO: Run Behavior\ShowPageTraceBehavior [ RunTime:0.004648s ]
INFO: [ app_end ] --END-- [ RunTime:0.005109s ]

[ 2017-04-06T19:53:38+08:00 ] ::1 /MIFOOD2/index.php/Home/Index/page1/p/1.html
INFO: [ app_init ] --START--
INFO: Run Behavior\BuildLiteBehavior [ RunTime:0.000104s ]
INFO: [ app_init ] --END-- [ RunTime:0.001817s ]
INFO: [ app_begin ] --START--
INFO: Run Behavior\ReadHtmlCacheBehavior [ RunTime:0.002629s ]
INFO: [ app_begin ] --END-- [ RunTime:0.003264s ]
SQL: SHOW COLUMNS FROM `shop` [ RunTime:0.001986s ]
SQL: SHOW COLUMNS FROM `category` [ RunTime:0.001937s ]
SQL: SELECT * FROM `category` WHERE `state` = 0  [ RunTime:0.001228s ]
NOTIC: [8] Undefined index: category_id F:\Wamp\Wamp_3.0.6\installtion\wamp64\www\MIFOOD2\Application\Home\Controller\IndexController.class.php 第 43 行.
SQL: SHOW COLUMNS FROM `shop` [ RunTime:0.002254s ]
SQL: SELECT COUNT(*) AS tp_count FROM `shop` WHERE `category_id` = null AND `state` = 0 LIMIT 1   [ RunTime:0.001053s ]
SQL: SELECT * FROM `shop` WHERE `category_id` = null AND `state` = 0 ORDER BY shop_id desc LIMIT 0,12   [ RunTime:0.001204s ]
INFO: [ view_parse ] --START--
INFO: [ template_filter ] --START--
INFO: Run Behavior\ContentReplaceBehavior [ RunTime:0.000721s ]
INFO: [ template_filter ] --END-- [ RunTime:0.001154s ]
NOTIC: [8] Undefined index: user F:\Wamp\Wamp_3.0.6\installtion\wamp64\www\MIFOOD2\Application\Runtime\Cache\Home\bd1736db69e2bb255cc6ce738036bdfd.php 第 52 行.
INFO: Run Behavior\ParseTemplateBehavior [ RunTime:0.055493s ]
INFO: [ view_parse ] --END-- [ RunTime:0.055935s ]
INFO: [ view_filter ] --START--
INFO: Run Behavior\WriteHtmlCacheBehavior [ RunTime:0.001810s ]
INFO: [ view_filter ] --END-- [ RunTime:0.002225s ]
INFO: [ app_end ] --START--
INFO: Run Behavior\ShowPageTraceBehavior [ RunTime:0.002510s ]
INFO: [ app_end ] --END-- [ RunTime:0.003049s ]

[ 2017-04-06T19:53:38+08:00 ] ::1 /MIFOOD2/index.php/Home/Index/page1/p/1.html
INFO: [ app_init ] --START--
INFO: Run Behavior\BuildLiteBehavior [ RunTime:0.000142s ]
INFO: [ app_init ] --END-- [ RunTime:0.002354s ]
INFO: [ app_begin ] --START--
INFO: Run Behavior\ReadHtmlCacheBehavior [ RunTime:0.003493s ]
INFO: [ app_begin ] --END-- [ RunTime:0.004249s ]
SQL: SHOW COLUMNS FROM `shop` [ RunTime:0.001926s ]
SQL: SHOW COLUMNS FROM `category` [ RunTime:0.002018s ]
SQL: SELECT * FROM `category` WHERE `state` = 0  [ RunTime:0.001515s ]
NOTIC: [8] Undefined index: category_id F:\Wamp\Wamp_3.0.6\installtion\wamp64\www\MIFOOD2\Application\Home\Controller\IndexController.class.php 第 43 行.
SQL: SHOW COLUMNS FROM `shop` [ RunTime:0.002760s ]
SQL: SELECT COUNT(*) AS tp_count FROM `shop` WHERE `category_id` = null AND `state` = 0 LIMIT 1   [ RunTime:0.001416s ]
SQL: SELECT * FROM `shop` WHERE `category_id` = null AND `state` = 0 ORDER BY shop_id desc LIMIT 0,12   [ RunTime:0.001224s ]
INFO: [ view_parse ] --START--
INFO: [ template_filter ] --START--
INFO: Run Behavior\ContentReplaceBehavior [ RunTime:0.000795s ]
INFO: [ template_filter ] --END-- [ RunTime:0.001274s ]
NOTIC: [8] Undefined index: user F:\Wamp\Wamp_3.0.6\installtion\wamp64\www\MIFOOD2\Application\Runtime\Cache\Home\bd1736db69e2bb255cc6ce738036bdfd.php 第 52 行.
INFO: Run Behavior\ParseTemplateBehavior [ RunTime:0.054596s ]
INFO: [ view_parse ] --END-- [ RunTime:0.055051s ]
INFO: [ view_filter ] --START--
INFO: Run Behavior\WriteHtmlCacheBehavior [ RunTime:0.002031s ]
INFO: [ view_filter ] --END-- [ RunTime:0.002470s ]
INFO: [ app_end ] --START--
INFO: Run Behavior\ShowPageTraceBehavior [ RunTime:0.002900s ]
INFO: [ app_end ] --END-- [ RunTime:0.003369s ]

[ 2017-04-06T19:53:39+08:00 ] ::1 /MIFOOD2/index.php/Home/Index/page1/p/1.html
INFO: [ app_init ] --START--
INFO: Run Behavior\BuildLiteBehavior [ RunTime:0.000184s ]
INFO: [ app_init ] --END-- [ RunTime:0.004446s ]
INFO: [ app_begin ] --START--
INFO: Run Behavior\ReadHtmlCacheBehavior [ RunTime:0.003530s ]
INFO: [ app_begin ] --END-- [ RunTime:0.004238s ]
SQL: SHOW COLUMNS FROM `shop` [ RunTime:0.002224s ]
SQL: SHOW COLUMNS FROM `category` [ RunTime:0.001723s ]
SQL: SELECT * FROM `category` WHERE `state` = 0  [ RunTime:0.001425s ]
NOTIC: [8] Undefined index: category_id F:\Wamp\Wamp_3.0.6\installtion\wamp64\www\MIFOOD2\Application\Home\Controller\IndexController.class.php 第 43 行.
SQL: SHOW COLUMNS FROM `shop` [ RunTime:0.002212s ]
SQL: SELECT COUNT(*) AS tp_count FROM `shop` WHERE `category_id` = null AND `state` = 0 LIMIT 1   [ RunTime:0.001136s ]
SQL: SELECT * FROM `shop` WHERE `category_id` = null AND `state` = 0 ORDER BY shop_id desc LIMIT 0,12   [ RunTime:0.001437s ]
INFO: [ view_parse ] --START--
INFO: [ template_filter ] --START--
INFO: Run Behavior\ContentReplaceBehavior [ RunTime:0.000821s ]
INFO: [ template_filter ] --END-- [ RunTime:0.001252s ]
NOTIC: [8] Undefined index: user F:\Wamp\Wamp_3.0.6\installtion\wamp64\www\MIFOOD2\Application\Runtime\Cache\Home\bd1736db69e2bb255cc6ce738036bdfd.php 第 52 行.
INFO: Run Behavior\ParseTemplateBehavior [ RunTime:0.058104s ]
INFO: [ view_parse ] --END-- [ RunTime:0.058610s ]
INFO: [ view_filter ] --START--
INFO: Run Behavior\WriteHtmlCacheBehavior [ RunTime:0.001716s ]
INFO: [ view_filter ] --END-- [ RunTime:0.002113s ]
INFO: [ app_end ] --START--
INFO: Run Behavior\ShowPageTraceBehavior [ RunTime:0.002493s ]
INFO: [ app_end ] --END-- [ RunTime:0.003022s ]

[ 2017-04-06T19:53:39+08:00 ] ::1 /MIFOOD2/index.php/Home/Index/page1/p/1.html
INFO: [ app_init ] --START--
INFO: Run Behavior\BuildLiteBehavior [ RunTime:0.000116s ]
INFO: [ app_init ] --END-- [ RunTime:0.001747s ]
INFO: [ app_begin ] --START--
INFO: Run Behavior\ReadHtmlCacheBehavior [ RunTime:0.002094s ]
INFO: [ app_begin ] --END-- [ RunTime:0.002522s ]
SQL: SHOW COLUMNS FROM `shop` [ RunTime:0.002076s ]
SQL: SHOW COLUMNS FROM `category` [ RunTime:0.001909s ]
SQL: SELECT * FROM `category` WHERE `state` = 0  [ RunTime:0.001204s ]
NOTIC: [8] Undefined index: category_id F:\Wamp\Wamp_3.0.6\installtion\wamp64\www\MIFOOD2\Application\Home\Controller\IndexController.class.php 第 43 行.
SQL: SHOW COLUMNS FROM `shop` [ RunTime:0.002131s ]
SQL: SELECT COUNT(*) AS tp_count FROM `shop` WHERE `category_id` = null AND `state` = 0 LIMIT 1   [ RunTime:0.000935s ]
SQL: SELECT * FROM `shop` WHERE `category_id` = null AND `state` = 0 ORDER BY shop_id desc LIMIT 0,12   [ RunTime:0.001162s ]
INFO: [ view_parse ] --START--
INFO: [ template_filter ] --START--
INFO: Run Behavior\ContentReplaceBehavior [ RunTime:0.000724s ]
INFO: [ template_filter ] --END-- [ RunTime:0.001162s ]
NOTIC: [8] Undefined index: user F:\Wamp\Wamp_3.0.6\installtion\wamp64\www\MIFOOD2\Application\Runtime\Cache\Home\bd1736db69e2bb255cc6ce738036bdfd.php 第 52 行.
INFO: Run Behavior\ParseTemplateBehavior [ RunTime:0.053213s ]
INFO: [ view_parse ] --END-- [ RunTime:0.053664s ]
INFO: [ view_filter ] --START--
INFO: Run Behavior\WriteHtmlCacheBehavior [ RunTime:0.001790s ]
INFO: [ view_filter ] --END-- [ RunTime:0.002196s ]
INFO: [ app_end ] --START--
INFO: Run Behavior\ShowPageTraceBehavior [ RunTime:0.002481s ]
INFO: [ app_end ] --END-- [ RunTime:0.002955s ]

[ 2017-04-06T19:53:40+08:00 ] ::1 /MIFOOD2/index.php/Home/Index/page1/p/1.html
INFO: [ app_init ] --START--
INFO: Run Behavior\BuildLiteBehavior [ RunTime:0.000115s ]
INFO: [ app_init ] --END-- [ RunTime:0.002024s ]
INFO: [ app_begin ] --START--
INFO: Run Behavior\ReadHtmlCacheBehavior [ RunTime:0.002706s ]
INFO: [ app_begin ] --END-- [ RunTime:0.003217s ]
SQL: SHOW COLUMNS FROM `shop` [ RunTime:0.001864s ]
SQL: SHOW COLUMNS FROM `category` [ RunTime:0.001601s ]
SQL: SELECT * FROM `category` WHERE `state` = 0  [ RunTime:0.001292s ]
NOTIC: [8] Undefined index: category_id F:\Wamp\Wamp_3.0.6\installtion\wamp64\www\MIFOOD2\Application\Home\Controller\IndexController.class.php 第 43 行.
SQL: SHOW COLUMNS FROM `shop` [ RunTime:0.002942s ]
SQL: SELECT COUNT(*) AS tp_count FROM `shop` WHERE `category_id` = null AND `state` = 0 LIMIT 1   [ RunTime:0.000915s ]
SQL: SELECT * FROM `shop` WHERE `category_id` = null AND `state` = 0 ORDER BY shop_id desc LIMIT 0,12   [ RunTime:0.001078s ]
INFO: [ view_parse ] --START--
INFO: [ template_filter ] --START--
INFO: Run Behavior\ContentReplaceBehavior [ RunTime:0.000758s ]
INFO: [ template_filter ] --END-- [ RunTime:0.001233s ]
NOTIC: [8] Undefined index: user F:\Wamp\Wamp_3.0.6\installtion\wamp64\www\MIFOOD2\Application\Runtime\Cache\Home\bd1736db69e2bb255cc6ce738036bdfd.php 第 52 行.
INFO: Run Behavior\ParseTemplateBehavior [ RunTime:0.058734s ]
INFO: [ view_parse ] --END-- [ RunTime:0.059167s ]
INFO: [ view_filter ] --START--
INFO: Run Behavior\WriteHtmlCacheBehavior [ RunTime:0.002149s ]
INFO: [ view_filter ] --END-- [ RunTime:0.002575s ]
INFO: [ app_end ] --START--
INFO: Run Behavior\ShowPageTraceBehavior [ RunTime:0.005048s ]
INFO: [ app_end ] --END-- [ RunTime:0.005536s ]

[ 2017-04-06T19:53:41+08:00 ] ::1 /MIFOOD2/index.php/Home/Index/page1/p/1.html
INFO: [ app_init ] --START--
INFO: Run Behavior\BuildLiteBehavior [ RunTime:0.000182s ]
INFO: [ app_init ] --END-- [ RunTime:0.003214s ]
INFO: [ app_begin ] --START--
INFO: Run Behavior\ReadHtmlCacheBehavior [ RunTime:0.003422s ]
INFO: [ app_begin ] --END-- [ RunTime:0.004047s ]
SQL: SHOW COLUMNS FROM `shop` [ RunTime:0.002388s ]
SQL: SHOW COLUMNS FROM `category` [ RunTime:0.001734s ]
SQL: SELECT * FROM `category` WHERE `state` = 0  [ RunTime:0.001789s ]
NOTIC: [8] Undefined index: category_id F:\Wamp\Wamp_3.0.6\installtion\wamp64\www\MIFOOD2\Application\Home\Controller\IndexController.class.php 第 43 行.
SQL: SHOW COLUMNS FROM `shop` [ RunTime:0.002272s ]
SQL: SELECT COUNT(*) AS tp_count FROM `shop` WHERE `category_id` = null AND `state` = 0 LIMIT 1   [ RunTime:0.001061s ]
SQL: SELECT * FROM `shop` WHERE `category_id` = null AND `state` = 0 ORDER BY shop_id desc LIMIT 0,12   [ RunTime:0.001309s ]
INFO: [ view_parse ] --START--
INFO: [ template_filter ] --START--
INFO: Run Behavior\ContentReplaceBehavior [ RunTime:0.002208s ]
INFO: [ template_filter ] --END-- [ RunTime:0.002899s ]
NOTIC: [8] Undefined index: user F:\Wamp\Wamp_3.0.6\installtion\wamp64\www\MIFOOD2\Application\Runtime\Cache\Home\bd1736db69e2bb255cc6ce738036bdfd.php 第 52 行.
INFO: Run Behavior\ParseTemplateBehavior [ RunTime:0.062456s ]
INFO: [ view_parse ] --END-- [ RunTime:0.062928s ]
INFO: [ view_filter ] --START--
INFO: Run Behavior\WriteHtmlCacheBehavior [ RunTime:0.002180s ]
INFO: [ view_filter ] --END-- [ RunTime:0.002699s ]
INFO: [ app_end ] --START--
INFO: Run Behavior\ShowPageTraceBehavior [ RunTime:0.002737s ]
INFO: [ app_end ] --END-- [ RunTime:0.003321s ]

